2022-11-20T09:28:29+00:00 DEBUG POST: https://ads.tiktok.com/marketing_api/api/developer/app/create_auto_approve/

{"business_platform":"PROD","smb_id":"tt4b_woocommerce_6379f33d22b90httplocalhostwordpresswp-admin","smb_name":"PROD","redirect_url":"http:\/\/localhost\/wordpress\/wp-admin\/"}

2022-11-20T09:28:34+00:00 ERROR Tt4b_Mapi_Class::create_open_source_app: Response: 

http_request_failed: cURL error 28: Operation timed out after 5073 milliseconds with 0 bytes received

2022-11-20T09:28:36+00:00 DEBUG Tt4b_Mapi_Class::create_open_source_app: Response: 

HTTP/1.1 200 OK
Server: nginx
Content-Type: application/json
X-Tt-Logid: 20221120092837010245005098020A1AAC,20221120092837010245005098020A1AAC
x-tt-trace-host: 01358f71f8863a3da3f9d7fe1e7791acb54dc52feaba514d7c46fb0a4633c3679533215585f022ab141093cd0a763622f8f7c673b13636e1009a8c5bdac5c98317e8ed60ee31a0f118924aef4ee94530c427f0f927564311befb5bf40ccd2e6a52
Content-Encoding: gzip
Content-Length: 208
X-Origin-Response-Time: 116,23.48.107.71
X-Akamai-Request-ID: a82a3422.18eebfbe
Date: Sun, 20 Nov 2022 09:28:37 GMT
X-Cache: TCP_MISS from a23-34-62-48.deploy.akamaitechnologies.com (AkamaiGHost/10.10.2-45048955) (-)
Connection: close
Vary: Accept-Encoding
X-Cache-Remote: TCP_MISS from a23-48-107-71.deploy.akamaitechnologies.com (AkamaiGHost/10.10.2-45048955) (-)
x-tt-trace-tag: id=16;cdn-cache=miss;type=dyn
Server-Timing: cdn-cache; desc=MISS, edge; dur=159, origin; dur=116
Server-Timing: inner; dur=112
X-Parent-Response-Time: 272,23.34.62.48

{"code":0,"msg":"ok","data":{"redirect_uri":"http:\/\/localhost\/wordpress\/wp-admin\/","app_id":"7168027738916257794","external_data_key":"d6aca038-bb9d-48de-a4ff-e445f0095540","app_secret":"27a33ac7c99fd9344893ce8fc42ffcf543558f2c"}}

2022-11-20T10:07:46+00:00 DEBUG tt4b_product_sync: missing access token for tt4b_product_sync
2022-11-20T10:07:46+00:00 DEBUG tt4b_product_sync: missing access token for tt4b_product_sync
2022-11-20T10:07:46+00:00 DEBUG tt4b_product_sync: missing access token for tt4b_product_sync
2022-11-20T10:07:46+00:00 DEBUG tt4b_product_sync: missing access token for tt4b_product_sync
2022-11-20T10:07:46+00:00 DEBUG tt4b_product_sync: missing access token for tt4b_product_sync
2022-11-20T10:07:46+00:00 DEBUG tt4b_product_sync: missing access token for tt4b_product_sync
2022-11-20T10:07:46+00:00 DEBUG tt4b_product_sync: missing access token for tt4b_product_sync
2022-11-20T10:07:46+00:00 DEBUG tt4b_product_sync: missing access token for tt4b_product_sync
2022-11-20T10:07:46+00:00 DEBUG tt4b_product_sync: missing access token for tt4b_product_sync
2022-11-20T10:07:46+00:00 DEBUG tt4b_product_sync: missing access token for tt4b_product_sync
2022-11-20T10:07:46+00:00 DEBUG tt4b_product_sync: missing access token for tt4b_product_sync
2022-11-20T10:07:46+00:00 DEBUG tt4b_product_sync: missing access token for tt4b_product_sync
2022-11-20T10:17:20+00:00 DEBUG Tt4b_Pixel_Class::inject_add_to_cart_event: hit injectAddToCartEvent
2022-11-20T10:17:20+00:00 DEBUG Tt4b_Pixel_Class::inject_add_to_cart_event: Missing option "access_token"
2022-11-20T10:17:20+00:00 DEBUG Tt4b_Pixel_Class::inject_add_to_cart_event: hit injectAddToCartEvent
2022-11-20T10:17:20+00:00 DEBUG Tt4b_Pixel_Class::inject_add_to_cart_event: Missing option "access_token"
2022-11-20T10:18:26+00:00 DEBUG Tt4b_Pixel_Class::inject_start_checkout: hit injectStartCheckout
2022-11-20T10:18:26+00:00 DEBUG Tt4b_Pixel_Class::inject_start_checkout: Missing option "access_token"
2022-11-20T11:03:52+00:00 DEBUG tt4b_product_sync: missing access token for tt4b_product_sync
2022-11-20T11:04:06+00:00 DEBUG tt4b_product_sync: missing access token for tt4b_product_sync
2022-11-20T11:06:07+00:00 DEBUG tt4b_product_sync: missing access token for tt4b_product_sync
2022-11-20T11:08:09+00:00 DEBUG tt4b_product_sync: missing access token for tt4b_product_sync
2022-11-20T11:08:33+00:00 DEBUG Tt4b_Pixel_Class::inject_view_content_event: hit injectViewContentEvent
2022-11-20T11:08:33+00:00 DEBUG Tt4b_Pixel_Class::inject_view_content_event: Missing option "access_token"
2022-11-20T11:10:18+00:00 DEBUG Tt4b_Pixel_Class::inject_view_content_event: hit injectViewContentEvent
2022-11-20T11:10:18+00:00 DEBUG Tt4b_Pixel_Class::inject_view_content_event: Missing option "access_token"
2022-11-20T11:10:31+00:00 DEBUG Tt4b_Pixel_Class::inject_add_to_cart_event: hit injectAddToCartEvent
2022-11-20T11:10:31+00:00 DEBUG Tt4b_Pixel_Class::inject_add_to_cart_event: Missing option "access_token"
2022-11-20T11:10:31+00:00 DEBUG Tt4b_Pixel_Class::inject_view_content_event: hit injectViewContentEvent
2022-11-20T11:10:31+00:00 DEBUG Tt4b_Pixel_Class::inject_view_content_event: Missing option "access_token"
2022-11-20T11:12:55+00:00 DEBUG tt4b_product_sync: missing access token for tt4b_product_sync
2022-11-20T11:14:25+00:00 DEBUG tt4b_product_sync: missing access token for tt4b_product_sync
2022-11-20T11:15:31+00:00 DEBUG tt4b_product_sync: missing access token for tt4b_product_sync
2022-11-20T11:15:38+00:00 DEBUG tt4b_product_sync: missing access token for tt4b_product_sync
2022-11-20T11:17:39+00:00 DEBUG tt4b_product_sync: missing access token for tt4b_product_sync
2022-11-20T11:21:59+00:00 DEBUG tt4b_product_sync: missing access token for tt4b_product_sync
2022-11-20T11:22:18+00:00 DEBUG tt4b_product_sync: missing access token for tt4b_product_sync
2022-11-20T11:24:37+00:00 DEBUG tt4b_product_sync: missing access token for tt4b_product_sync
2022-11-20T11:27:37+00:00 DEBUG tt4b_product_sync: missing access token for tt4b_product_sync
2022-11-20T11:27:41+00:00 DEBUG tt4b_product_sync: missing access token for tt4b_product_sync
2022-11-20T11:28:02+00:00 DEBUG Tt4b_Pixel_Class::inject_view_content_event: hit injectViewContentEvent
2022-11-20T11:28:02+00:00 DEBUG Tt4b_Pixel_Class::inject_view_content_event: Missing option "access_token"
2022-11-20T11:28:55+00:00 DEBUG Tt4b_Pixel_Class::inject_start_checkout: hit injectStartCheckout
2022-11-20T11:28:55+00:00 DEBUG Tt4b_Pixel_Class::inject_start_checkout: Missing option "access_token"
2022-11-20T11:29:30+00:00 DEBUG tt4b_product_sync: missing access token for tt4b_product_sync
2022-11-20T11:29:46+00:00 DEBUG tt4b_product_sync: missing access token for tt4b_product_sync
2022-11-20T11:30:29+00:00 DEBUG tt4b_product_sync: missing access token for tt4b_product_sync
2022-11-20T11:30:38+00:00 DEBUG Tt4b_Pixel_Class::inject_start_checkout: hit injectStartCheckout
2022-11-20T11:30:38+00:00 DEBUG Tt4b_Pixel_Class::inject_start_checkout: Missing option "access_token"
2022-11-20T11:48:29+00:00 DEBUG Tt4b_Pixel_Class::inject_view_content_event: hit injectViewContentEvent
2022-11-20T11:48:29+00:00 DEBUG Tt4b_Pixel_Class::inject_view_content_event: Missing option "access_token"
2022-11-20T11:48:46+00:00 DEBUG Tt4b_Pixel_Class::inject_view_content_event: hit injectViewContentEvent
2022-11-20T11:48:46+00:00 DEBUG Tt4b_Pixel_Class::inject_view_content_event: Missing option "access_token"
2022-11-20T11:58:49+00:00 DEBUG Tt4b_Pixel_Class::inject_start_checkout: hit injectStartCheckout
2022-11-20T11:58:49+00:00 DEBUG Tt4b_Pixel_Class::inject_start_checkout: Missing option "access_token"
2022-11-20T12:14:28+00:00 DEBUG Tt4b_Pixel_Class::inject_start_checkout: hit injectStartCheckout
2022-11-20T12:14:28+00:00 DEBUG Tt4b_Pixel_Class::inject_start_checkout: Missing option "access_token"
2022-11-20T12:14:49+00:00 DEBUG Tt4b_Pixel_Class::inject_start_checkout: hit injectStartCheckout
2022-11-20T12:14:49+00:00 DEBUG Tt4b_Pixel_Class::inject_start_checkout: Missing option "access_token"
2022-11-20T12:15:16+00:00 DEBUG Tt4b_Pixel_Class::inject_start_checkout: hit injectStartCheckout
2022-11-20T12:15:16+00:00 DEBUG Tt4b_Pixel_Class::inject_start_checkout: Missing option "access_token"
2022-11-20T12:15:32+00:00 DEBUG Tt4b_Pixel_Class::inject_start_checkout: hit injectStartCheckout
2022-11-20T12:15:32+00:00 DEBUG Tt4b_Pixel_Class::inject_start_checkout: Missing option "access_token"
2022-11-20T12:16:05+00:00 DEBUG Tt4b_Pixel_Class::inject_start_checkout: hit injectStartCheckout
2022-11-20T12:16:05+00:00 DEBUG Tt4b_Pixel_Class::inject_start_checkout: Missing option "access_token"
2022-11-20T12:31:52+00:00 DEBUG Tt4b_Pixel_Class::inject_start_checkout: hit injectStartCheckout
2022-11-20T12:31:52+00:00 DEBUG Tt4b_Pixel_Class::inject_start_checkout: Missing option "access_token"
2022-11-20T13:23:04+00:00 DEBUG Tt4b_Pixel_Class::inject_start_checkout: hit injectStartCheckout
2022-11-20T13:23:04+00:00 DEBUG Tt4b_Pixel_Class::inject_start_checkout: Missing option "access_token"
2022-11-20T13:23:47+00:00 DEBUG Tt4b_Pixel_Class::inject_start_checkout: hit injectStartCheckout
2022-11-20T13:23:47+00:00 DEBUG Tt4b_Pixel_Class::inject_start_checkout: Missing option "access_token"
2022-11-20T13:24:06+00:00 DEBUG Tt4b_Pixel_Class::inject_start_checkout: hit injectStartCheckout
2022-11-20T13:24:06+00:00 DEBUG Tt4b_Pixel_Class::inject_start_checkout: Missing option "access_token"
2022-11-20T13:28:33+00:00 DEBUG Tt4b_Pixel_Class::inject_start_checkout: hit injectStartCheckout
2022-11-20T13:28:33+00:00 DEBUG Tt4b_Pixel_Class::inject_start_checkout: Missing option "access_token"
2022-11-20T13:36:43+00:00 DEBUG Tt4b_Pixel_Class::inject_view_content_event: hit injectViewContentEvent
2022-11-20T13:36:43+00:00 DEBUG Tt4b_Pixel_Class::inject_view_content_event: Missing option "access_token"
2022-11-20T13:36:58+00:00 DEBUG Tt4b_Pixel_Class::inject_add_to_cart_event: hit injectAddToCartEvent
2022-11-20T13:36:58+00:00 DEBUG Tt4b_Pixel_Class::inject_add_to_cart_event: Missing option "access_token"
2022-11-20T13:37:17+00:00 DEBUG Tt4b_Pixel_Class::inject_start_checkout: hit injectStartCheckout
2022-11-20T13:37:17+00:00 DEBUG Tt4b_Pixel_Class::inject_start_checkout: Missing option "access_token"
2022-11-20T13:41:13+00:00 DEBUG Tt4b_Pixel_Class::inject_start_checkout: hit injectStartCheckout
2022-11-20T13:41:13+00:00 DEBUG Tt4b_Pixel_Class::inject_start_checkout: Missing option "access_token"
2022-11-20T13:42:00+00:00 DEBUG Tt4b_Pixel_Class::inject_start_checkout: hit injectStartCheckout
2022-11-20T13:42:00+00:00 DEBUG Tt4b_Pixel_Class::inject_start_checkout: Missing option "access_token"
2022-11-20T13:42:05+00:00 DEBUG Tt4b_Pixel_Class::inject_start_checkout: hit injectStartCheckout
2022-11-20T13:42:05+00:00 DEBUG Tt4b_Pixel_Class::inject_start_checkout: Missing option "access_token"
2022-11-20T13:42:12+00:00 DEBUG Tt4b_Pixel_Class::inject_start_checkout: hit injectStartCheckout
2022-11-20T13:42:12+00:00 DEBUG Tt4b_Pixel_Class::inject_start_checkout: Missing option "access_token"
2022-11-20T13:42:20+00:00 DEBUG Tt4b_Pixel_Class::inject_start_checkout: hit injectStartCheckout
2022-11-20T13:42:20+00:00 DEBUG Tt4b_Pixel_Class::inject_start_checkout: Missing option "access_token"
2022-11-20T13:42:26+00:00 DEBUG Tt4b_Pixel_Class::inject_start_checkout: hit injectStartCheckout
2022-11-20T13:42:26+00:00 DEBUG Tt4b_Pixel_Class::inject_start_checkout: Missing option "access_token"
2022-11-20T13:42:35+00:00 DEBUG Tt4b_Pixel_Class::inject_start_checkout: hit injectStartCheckout
2022-11-20T13:42:35+00:00 DEBUG Tt4b_Pixel_Class::inject_start_checkout: Missing option "access_token"
2022-11-20T13:42:52+00:00 DEBUG Tt4b_Pixel_Class::inject_start_checkout: hit injectStartCheckout
2022-11-20T13:42:52+00:00 DEBUG Tt4b_Pixel_Class::inject_start_checkout: Missing option "access_token"
2022-11-20T13:43:03+00:00 DEBUG Tt4b_Pixel_Class::inject_start_checkout: hit injectStartCheckout
2022-11-20T13:43:03+00:00 DEBUG Tt4b_Pixel_Class::inject_start_checkout: Missing option "access_token"
2022-11-20T13:43:52+00:00 DEBUG Tt4b_Pixel_Class::inject_start_checkout: hit injectStartCheckout
2022-11-20T13:43:52+00:00 DEBUG Tt4b_Pixel_Class::inject_start_checkout: Missing option "access_token"
2022-11-20T13:43:59+00:00 DEBUG Tt4b_Pixel_Class::inject_start_checkout: hit injectStartCheckout
2022-11-20T13:43:59+00:00 DEBUG Tt4b_Pixel_Class::inject_start_checkout: Missing option "access_token"
2022-11-20T13:45:02+00:00 DEBUG Tt4b_Pixel_Class::inject_start_checkout: hit injectStartCheckout
2022-11-20T13:45:02+00:00 DEBUG Tt4b_Pixel_Class::inject_start_checkout: Missing option "access_token"
2022-11-20T13:47:06+00:00 DEBUG Tt4b_Pixel_Class::inject_start_checkout: hit injectStartCheckout
2022-11-20T13:47:06+00:00 DEBUG Tt4b_Pixel_Class::inject_start_checkout: Missing option "access_token"
2022-11-20T13:48:17+00:00 DEBUG Tt4b_Pixel_Class::inject_start_checkout: hit injectStartCheckout
2022-11-20T13:48:17+00:00 DEBUG Tt4b_Pixel_Class::inject_start_checkout: Missing option "access_token"
2022-11-20T13:52:05+00:00 DEBUG Tt4b_Pixel_Class::inject_start_checkout: hit injectStartCheckout
2022-11-20T13:52:05+00:00 DEBUG Tt4b_Pixel_Class::inject_start_checkout: Missing option "access_token"
2022-11-20T14:07:27+00:00 DEBUG Tt4b_Pixel_Class::inject_start_checkout: hit injectStartCheckout
2022-11-20T14:07:27+00:00 DEBUG Tt4b_Pixel_Class::inject_start_checkout: Missing option "access_token"
2022-11-20T14:07:49+00:00 DEBUG Tt4b_Pixel_Class::inject_start_checkout: hit injectStartCheckout
2022-11-20T14:07:49+00:00 DEBUG Tt4b_Pixel_Class::inject_start_checkout: Missing option "access_token"
2022-11-20T18:37:38+00:00 DEBUG Tt4b_Pixel_Class::inject_purchase_event: hit injectPurchaseEvent
2022-11-20T18:37:38+00:00 DEBUG Tt4b_Pixel_Class::inject_purchase_event: Missing option "access_token"
2022-11-20T20:28:56+00:00 DEBUG Tt4b_Pixel_Class::inject_start_checkout: hit injectStartCheckout
2022-11-20T20:28:56+00:00 DEBUG Tt4b_Pixel_Class::inject_start_checkout: Missing option "access_token"
2022-11-20T20:29:12+00:00 DEBUG Tt4b_Pixel_Class::inject_start_checkout: hit injectStartCheckout
2022-11-20T20:29:12+00:00 DEBUG Tt4b_Pixel_Class::inject_start_checkout: Missing option "access_token"
2022-11-20T20:29:46+00:00 DEBUG Tt4b_Pixel_Class::inject_start_checkout: hit injectStartCheckout
2022-11-20T20:29:46+00:00 DEBUG Tt4b_Pixel_Class::inject_start_checkout: Missing option "access_token"
2022-11-20T20:30:05+00:00 DEBUG Tt4b_Pixel_Class::inject_start_checkout: hit injectStartCheckout
2022-11-20T20:30:05+00:00 DEBUG Tt4b_Pixel_Class::inject_start_checkout: Missing option "access_token"
2022-11-20T20:30:21+00:00 DEBUG Tt4b_Pixel_Class::inject_start_checkout: hit injectStartCheckout
2022-11-20T20:30:21+00:00 DEBUG Tt4b_Pixel_Class::inject_start_checkout: Missing option "access_token"
2022-11-20T20:30:37+00:00 DEBUG Tt4b_Pixel_Class::inject_start_checkout: hit injectStartCheckout
2022-11-20T20:30:37+00:00 DEBUG Tt4b_Pixel_Class::inject_start_checkout: Missing option "access_token"
2022-11-20T20:32:19+00:00 DEBUG Tt4b_Pixel_Class::inject_start_checkout: hit injectStartCheckout
2022-11-20T20:32:19+00:00 DEBUG Tt4b_Pixel_Class::inject_start_checkout: Missing option "access_token"
2022-11-20T20:33:08+00:00 DEBUG Tt4b_Pixel_Class::inject_start_checkout: hit injectStartCheckout
2022-11-20T20:33:08+00:00 DEBUG Tt4b_Pixel_Class::inject_start_checkout: Missing option "access_token"
2022-11-20T20:33:20+00:00 DEBUG Tt4b_Pixel_Class::inject_start_checkout: hit injectStartCheckout
2022-11-20T20:33:20+00:00 DEBUG Tt4b_Pixel_Class::inject_start_checkout: Missing option "access_token"
2022-11-20T20:33:23+00:00 DEBUG Tt4b_Pixel_Class::inject_start_checkout: hit injectStartCheckout
2022-11-20T20:33:23+00:00 DEBUG Tt4b_Pixel_Class::inject_start_checkout: Missing option "access_token"
2022-11-20T20:38:03+00:00 DEBUG Tt4b_Pixel_Class::inject_add_to_cart_event: hit injectAddToCartEvent
2022-11-20T20:38:03+00:00 DEBUG Tt4b_Pixel_Class::inject_add_to_cart_event: Missing option "access_token"
2022-11-20T20:38:10+00:00 DEBUG Tt4b_Pixel_Class::inject_start_checkout: hit injectStartCheckout
2022-11-20T20:38:10+00:00 DEBUG Tt4b_Pixel_Class::inject_start_checkout: Missing option "access_token"
2022-11-20T23:26:04+00:00 DEBUG Tt4b_Pixel_Class::inject_view_content_event: hit injectViewContentEvent
2022-11-20T23:26:04+00:00 DEBUG Tt4b_Pixel_Class::inject_view_content_event: Missing option "access_token"
2022-11-20T23:27:29+00:00 DEBUG Tt4b_Pixel_Class::inject_view_content_event: hit injectViewContentEvent
2022-11-20T23:27:29+00:00 DEBUG Tt4b_Pixel_Class::inject_view_content_event: Missing option "access_token"
2022-11-20T23:27:41+00:00 DEBUG Tt4b_Pixel_Class::inject_view_content_event: hit injectViewContentEvent
2022-11-20T23:27:41+00:00 DEBUG Tt4b_Pixel_Class::inject_view_content_event: Missing option "access_token"
2022-11-20T23:29:34+00:00 DEBUG Tt4b_Pixel_Class::inject_view_content_event: hit injectViewContentEvent
2022-11-20T23:29:34+00:00 DEBUG Tt4b_Pixel_Class::inject_view_content_event: Missing option "access_token"
2022-11-20T23:37:42+00:00 DEBUG Tt4b_Pixel_Class::inject_view_content_event: hit injectViewContentEvent
2022-11-20T23:37:42+00:00 DEBUG Tt4b_Pixel_Class::inject_view_content_event: Missing option "access_token"
2022-11-20T23:37:58+00:00 DEBUG Tt4b_Pixel_Class::inject_view_content_event: hit injectViewContentEvent
2022-11-20T23:37:58+00:00 DEBUG Tt4b_Pixel_Class::inject_view_content_event: Missing option "access_token"
2022-11-20T23:38:42+00:00 DEBUG Tt4b_Pixel_Class::inject_start_checkout: hit injectStartCheckout
2022-11-20T23:38:42+00:00 DEBUG Tt4b_Pixel_Class::inject_start_checkout: Missing option "access_token"
